<?xml version="1.0" encoding="UTF-8"?>
<!-- Generated by org.testng.reporters.JUnitReportReporter -->
<testsuite hostname="NagArjun" failures="0" tests="1" name="sampleTests.Demo" time="0.008" errors="0" timestamp="2022-09-08T11:31:28 IST" skipped="0">
  <testcase classname="sampleTests.Demo" name="demo" time="0.008"/>
  <system-out/>
</testsuite> <!-- sampleTests.Demo -->
